2020-05-26 16:30:53.788 [main] INFO  Help.BrowserSelection - Operating system is: windows 8.1
2020-05-26 16:31:16.549 [main] INFO  Help.BrowserSelection - Logined successfully.
2020-05-26 16:31:25.208 [main] INFO  Help.SearchPage - Item searched.
2020-05-26 16:31:28.025 [main] INFO  Help.SearchPage - Item details.
2020-05-26 16:31:34.216 [main] INFO  Help.Cart - Item added to cart.
2020-05-26 16:31:39.136 [main] INFO  Help.BrowserSelection - Browser closed.
2020-05-26 16:31:39.147 [main] INFO  Help.BrowserSelection - Operating system is: windows 8.1
2020-05-26 16:31:52.454 [main] INFO  Help.BrowserSelection - Logined successfully.
2020-05-26 16:31:55.031 [main] INFO  Help.Cart - Items in cart
2020-05-26 16:31:59.276 [main] INFO  Help.Cart - Removing the items
2020-05-26 16:32:00.948 [main] INFO  Help.Cart - Item Removed.
2020-05-26 16:32:01.572 [main] INFO  Help.BrowserSelection - Browser closed.
2020-05-26 16:32:01.610 [main] INFO  Help.BrowserSelection - Operating system is: windows 8.1
2020-05-26 16:32:14.229 [main] INFO  Help.BrowserSelection - Logined successfully.
2020-05-26 16:33:03.156 [main] INFO  Help.BrowserSelection - Operating system is: windows 8.1
2020-05-26 16:33:20.289 [main] INFO  Help.BrowserSelection - Logined successfully.
2020-05-26 16:33:28.295 [main] INFO  Help.SearchPage - Item searched.
2020-05-26 16:33:35.345 [main] INFO  Help.BrowserSelection - Browser closed.
2020-05-27 11:34:17.527 [main] INFO  Help.BrowserSelection - Operating system is: windows 8.1
2020-05-27 11:34:29.536 [main] INFO  Help.BrowserSelection - User logged in successfully.
2020-05-27 11:37:03.277 [main] INFO  Help.BrowserSelection - Operating system is: windows 8.1
2020-05-27 11:37:16.246 [main] INFO  Help.BrowserSelection - User logged in successfully.
2020-05-27 11:37:24.077 [main] INFO  Help.SearchPage - Item searched.
2020-05-27 11:37:27.370 [main] INFO  Help.SearchPage - Item details.
2020-05-27 11:37:33.546 [main] INFO  Help.Cart - Item added to cart.
2020-05-27 11:37:38.489 [main] INFO  Help.BrowserSelection - Browser closed.
2020-05-27 11:45:13.157 [main] INFO  Help.BrowserSelection - Operating system is: windows 8.1
2020-05-27 11:45:27.191 [main] INFO  Help.BrowserSelection - User logged in successfully.
2020-05-27 11:45:34.856 [main] INFO  Help.SearchPage - Item searched.
2020-05-27 11:45:37.680 [main] INFO  Help.SearchPage - Item details.
2020-05-27 11:45:43.884 [main] INFO  Help.Cart - Item added to cart.
2020-05-27 11:45:48.776 [main] INFO  Help.BrowserSelection - Browser closed.
2020-05-27 11:47:01.925 [main] INFO  Help.BrowserSelection - Operating system is: windows 8.1
2020-05-27 11:47:35.030 [main] INFO  Help.BrowserSelection - User logged in successfully.
2020-05-27 11:47:46.094 [main] INFO  Help.SearchPage - Item searched.
2020-05-27 11:47:47.511 [main] INFO  Help.SearchPage - Item details.
2020-05-27 11:47:54.097 [main] INFO  Help.Cart - Item added to cart.
2020-05-27 11:48:03.668 [main] INFO  Help.BrowserSelection - Browser closed.
2020-05-27 11:50:26.171 [main] INFO  Help.BrowserSelection - Operating system is: windows 8.1
2020-05-27 11:52:37.763 [main] INFO  Help.BrowserSelection - Operating system is: windows 8.1
2020-05-27 11:52:53.242 [main] INFO  Help.BrowserSelection - User logged in successfully.
2020-05-27 11:53:05.556 [main] INFO  Help.SearchPage - Item searched.
2020-05-27 11:53:07.302 [main] INFO  Help.SearchPage - Item details.
2020-05-27 11:53:13.534 [main] INFO  Help.Cart - Item added to cart.
2020-05-27 11:53:23.938 [main] INFO  Help.BrowserSelection - Browser closed.
2020-05-27 12:06:52.472 [main] INFO  Help.BrowserSelection - Operating system is: windows 8.1
2020-05-27 12:07:06.514 [main] INFO  Help.BrowserSelection - User logged in successfully.
2020-05-27 12:07:14.635 [main] INFO  Help.SearchPage - Item searched.
2020-05-27 12:07:18.719 [main] INFO  Help.SearchPage - Item details.
2020-05-27 12:07:24.855 [main] INFO  Help.Cart - Item added to cart.
2020-05-27 12:07:29.740 [main] INFO  Help.BrowserSelection - Browser closed.
2020-05-27 12:13:20.081 [main] INFO  Help.BrowserSelection - Operating system is: windows 8.1
2020-05-27 12:13:34.803 [main] INFO  Help.BrowserSelection - User logged in successfully.
2020-05-27 12:13:43.410 [main] INFO  Help.SearchPage - Item searched.
2020-05-27 12:13:46.139 [main] INFO  Help.SearchPage - Item details.
2020-05-27 12:13:52.274 [main] INFO  Help.Cart - Item added to cart.
2020-05-27 12:13:57.197 [main] INFO  Help.BrowserSelection - Browser closed.
2020-05-27 12:18:10.014 [main] INFO  Help.BrowserSelection - Operating system is: windows 8.1
2020-05-27 12:18:24.754 [main] INFO  Help.BrowserSelection - User logged in successfully.
2020-05-27 12:18:32.978 [main] INFO  Help.SearchPage - Item searched.
2020-05-27 12:18:36.502 [main] INFO  Help.SearchPage - Item details.
2020-05-27 12:18:42.591 [main] INFO  Help.Cart - Item added to cart.
2020-05-27 12:18:47.546 [main] INFO  Help.BrowserSelection - Browser closed.
2020-05-27 12:20:09.610 [main] INFO  Help.BrowserSelection - Operating system is: windows 8.1
2020-05-27 12:20:23.329 [main] INFO  Help.BrowserSelection - User logged in successfully.
2020-05-27 12:20:31.148 [main] INFO  Help.SearchPage - Item searched.
2020-05-27 12:20:34.205 [main] INFO  Help.SearchPage - Item details.
2020-05-27 12:20:40.351 [main] INFO  Help.Cart - Item added to cart.
2020-05-27 12:20:45.333 [main] INFO  Help.BrowserSelection - Browser closed.
2020-05-27 12:23:48.607 [main] INFO  Help.BrowserSelection - Operating system is: windows 8.1
2020-05-27 12:24:03.356 [main] INFO  Help.BrowserSelection - User logged in successfully.
2020-05-27 12:24:11.153 [main] INFO  Help.SearchPage - Item searched.
2020-05-27 12:24:14.095 [main] INFO  Help.SearchPage - Item details.
2020-05-27 12:24:20.265 [main] INFO  Help.Cart - Item added to cart.
2020-05-27 12:24:25.136 [main] INFO  Help.BrowserSelection - Browser closed.
2020-05-27 13:40:08.091 [main] INFO  Help.BrowserSelection - Operating system is: windows 8.1
2020-05-27 13:40:21.190 [main] INFO  Help.BrowserSelection - User logged in successfully.
2020-05-27 13:44:40.493 [main] INFO  Help.BrowserSelection - Operating system is: windows 8.1
2020-05-27 13:44:53.190 [main] INFO  Help.BrowserSelection - User logged in successfully.
2020-05-27 13:45:05.241 [main] INFO  Help.BrowserSelection - Operating system is: windows 8.1
2020-05-27 13:45:20.262 [main] INFO  Help.BrowserSelection - User logged in successfully.
2020-05-27 13:45:28.311 [main] INFO  Help.SearchPage - Item searched.
2020-05-27 13:45:37.147 [main] INFO  Help.SearchPage - Item details.
2020-05-27 13:45:43.311 [main] INFO  Help.Cart - Item added to cart.
2020-05-27 13:45:48.226 [main] INFO  Help.BrowserSelection - Browser closed.
2020-05-27 13:45:48.241 [main] INFO  Help.BrowserSelection - Operating system is: windows 8.1
2020-05-27 13:46:01.954 [main] INFO  Help.BrowserSelection - User logged in successfully.
2020-05-27 13:46:04.546 [main] INFO  Help.Cart - Items in cart
2020-05-27 13:46:08.796 [main] INFO  Help.Cart - Removing the items
2020-05-27 13:46:10.520 [main] INFO  Help.Cart - Item Removed.
2020-05-27 13:46:11.244 [main] INFO  Help.BrowserSelection - Browser closed.
2020-05-27 13:46:11.258 [main] INFO  Help.BrowserSelection - Operating system is: windows 8.1
2020-05-27 13:46:23.763 [main] INFO  Help.BrowserSelection - User logged in successfully.
2020-05-27 13:46:31.970 [main] INFO  Help.SearchPage - Item searched.
2020-05-27 13:46:34.811 [main] INFO  Help.SearchPage - Item details.
2020-05-27 13:46:41.045 [main] INFO  Help.Cart - Item added to cart.
2020-05-27 13:46:51.696 [main] INFO  Help.Cart - Place items from cart to order.
2020-05-27 13:46:58.018 [main] INFO  Help.Cart - Selected the delivery address.
2020-05-27 13:47:06.257 [main] INFO  Help.Cart - Selected the order summary.
2020-05-27 13:47:16.579 [main] INFO  Help.Cart - Select the payment summary.
2020-05-27 13:47:19.614 [main] INFO  Help.BrowserSelection - Browser closed.
2020-05-27 13:47:19.623 [main] INFO  Help.BrowserSelection - Operating system is: windows 8.1
2020-05-27 13:47:33.828 [main] INFO  Help.BrowserSelection - User logged in successfully.
2020-05-27 13:47:41.383 [main] INFO  Help.SearchPage - Item searched.
2020-05-27 13:47:48.479 [main] INFO  Help.BrowserSelection - Browser closed.
2020-05-27 14:19:33.555 [main] INFO  Help.BrowserSelection - Operating system is: windows 8.1
2020-05-27 14:21:33.621 [main] INFO  Help.BrowserSelection - Operating system is: windows 8.1
2020-05-27 14:21:49.068 [main] INFO  Help.BrowserSelection - User logged in successfully.
2020-05-27 14:21:57.775 [main] INFO  Help.SearchPage - Item searched.
2020-05-27 14:22:00.671 [main] INFO  Help.SearchPage - Item details.
2020-05-27 14:22:06.932 [main] INFO  Help.Cart - Item added to cart.
2020-05-27 14:22:11.847 [main] INFO  Help.BrowserSelection - Browser closed.
2020-05-27 14:26:01.174 [main] INFO  Help.BrowserSelection - Operating system is: windows 8.1
2020-05-27 14:26:15.135 [main] INFO  Help.BrowserSelection - User logged in successfully.
2020-05-27 14:26:23.116 [main] INFO  Help.SearchPage - Item searched.
2020-05-27 14:26:26.320 [main] INFO  Help.SearchPage - Item details.
2020-05-27 14:26:32.559 [main] INFO  Help.Cart - Item added to cart.
2020-05-27 14:26:37.469 [main] INFO  Help.BrowserSelection - Browser closed.
2020-05-27 14:28:42.106 [main] INFO  Help.BrowserSelection - Operating system is: windows 8.1
2020-05-27 14:28:56.607 [main] INFO  Help.BrowserSelection - User logged in successfully.
2020-05-27 14:29:04.125 [main] INFO  Help.SearchPage - Item searched.
2020-05-27 14:29:06.940 [main] INFO  Help.SearchPage - Item details.
2020-05-27 14:29:13.158 [main] INFO  Help.Cart - Item added to cart.
2020-05-27 14:29:18.067 [main] INFO  Help.BrowserSelection - Browser closed.
2020-05-27 14:29:18.081 [main] INFO  Help.BrowserSelection - Operating system is: windows 8.1
2020-05-27 14:29:32.505 [main] INFO  Help.BrowserSelection - User logged in successfully.
2020-05-27 14:29:35.248 [main] INFO  Help.Cart - Items in cart
2020-05-27 14:29:39.493 [main] INFO  Help.Cart - Removing the items
2020-05-27 14:29:41.188 [main] INFO  Help.Cart - Item Removed.
2020-05-27 14:29:41.832 [main] INFO  Help.BrowserSelection - Browser closed.
2020-05-27 14:29:41.845 [main] INFO  Help.BrowserSelection - Operating system is: windows 8.1
2020-05-27 14:29:55.444 [main] INFO  Help.BrowserSelection - User logged in successfully.
2020-05-27 14:30:03.338 [main] INFO  Help.SearchPage - Item searched.
2020-05-27 14:30:06.588 [main] INFO  Help.SearchPage - Item details.
2020-05-27 14:30:12.756 [main] INFO  Help.Cart - Item added to cart.
2020-05-27 14:30:22.189 [main] INFO  Help.Cart - Place items from cart to order.
2020-05-27 14:30:28.449 [main] INFO  Help.Cart - Selected the delivery address.
2020-05-27 14:30:36.644 [main] INFO  Help.Cart - Selected the order summary.
2020-05-27 14:30:46.968 [main] INFO  Help.Cart - Select the payment summary.
2020-05-27 14:30:49.670 [main] INFO  Help.BrowserSelection - Browser closed.
2020-05-27 14:30:49.679 [main] INFO  Help.BrowserSelection - Operating system is: windows 8.1
2020-05-27 14:31:04.269 [main] INFO  Help.BrowserSelection - User logged in successfully.
2020-05-27 14:31:12.108 [main] INFO  Help.SearchPage - Item searched.
2020-05-27 14:31:19.173 [main] INFO  Help.BrowserSelection - Browser closed.
2020-05-27 14:45:27.748 [main] INFO  Help.BrowserSelection - Operating system is: windows 8.1
2020-05-27 14:45:42.016 [main] INFO  Help.BrowserSelection - User logged in successfully.
2020-05-27 14:45:50.030 [main] INFO  Help.SearchPage - Item searched.
2020-05-27 14:45:52.808 [main] INFO  Help.SearchPage - Item details.
2020-05-27 14:45:58.989 [main] INFO  Help.Cart - Item added to cart.
2020-05-27 14:46:03.873 [main] INFO  Help.BrowserSelection - Browser closed.
2020-05-27 14:46:03.886 [main] INFO  Help.BrowserSelection - Operating system is: windows 8.1
2020-05-27 14:46:17.498 [main] INFO  Help.BrowserSelection - User logged in successfully.
2020-05-27 14:46:20.077 [main] INFO  Help.Cart - Items in cart
2020-05-27 14:46:24.343 [main] INFO  Help.Cart - Removing the items
2020-05-27 14:46:26.007 [main] INFO  Help.Cart - Item Removed.
2020-05-27 14:46:26.655 [main] INFO  Help.BrowserSelection - Browser closed.
2020-05-27 14:46:26.669 [main] INFO  Help.BrowserSelection - Operating system is: windows 8.1
2020-05-27 14:46:39.439 [main] INFO  Help.BrowserSelection - User logged in successfully.
2020-05-27 14:46:47.154 [main] INFO  Help.SearchPage - Item searched.
2020-05-27 14:46:50.021 [main] INFO  Help.SearchPage - Item details.
2020-05-27 14:46:56.182 [main] INFO  Help.Cart - Item added to cart.
2020-05-27 14:47:06.880 [main] INFO  Help.Cart - Place items from cart to order.
2020-05-27 14:47:13.177 [main] INFO  Help.Cart - Selected the delivery address.
2020-05-27 14:47:21.396 [main] INFO  Help.Cart - Selected the order summary.
2020-05-27 14:47:31.696 [main] INFO  Help.Cart - Select the payment summary.
2020-05-27 14:47:34.387 [main] INFO  Help.BrowserSelection - Browser closed.
2020-05-27 14:47:34.395 [main] INFO  Help.BrowserSelection - Operating system is: windows 8.1
2020-05-27 14:47:53.489 [main] INFO  Help.BrowserSelection - User logged in successfully.
2020-05-27 14:48:01.025 [main] INFO  Help.SearchPage - Item searched.
2020-05-27 14:48:05.815 [main] INFO  Help.BrowserSelection - Browser closed.
2020-05-27 14:49:07.596 [main] INFO  Help.BrowserSelection - Operating system is: windows 8.1
2020-05-27 14:49:22.564 [main] INFO  Help.BrowserSelection - User logged in successfully.
2020-05-27 14:49:29.950 [main] INFO  Help.SearchPage - Item searched.
2020-05-27 14:49:32.812 [main] INFO  Help.SearchPage - Item details.
2020-05-27 14:49:38.994 [main] INFO  Help.Cart - Item added to cart.
2020-05-27 14:49:43.883 [main] INFO  Help.BrowserSelection - Browser closed.
2020-05-27 14:49:49.575 [main] INFO  Help.BrowserSelection - Operating system is: windows 8.1
2020-05-27 14:50:03.769 [main] INFO  Help.BrowserSelection - User logged in successfully.
2020-05-27 14:50:06.339 [main] INFO  Help.Cart - Items in cart
2020-05-27 14:50:10.631 [main] INFO  Help.Cart - Removing the items
2020-05-27 14:50:12.259 [main] INFO  Help.Cart - Item Removed.
2020-05-27 14:50:12.880 [main] INFO  Help.BrowserSelection - Browser closed.
2020-05-27 14:50:17.063 [main] INFO  Help.BrowserSelection - Operating system is: windows 8.1
2020-05-27 14:50:31.329 [main] INFO  Help.BrowserSelection - User logged in successfully.
2020-05-27 14:50:38.896 [main] INFO  Help.SearchPage - Item searched.
2020-05-27 14:50:41.712 [main] INFO  Help.SearchPage - Item details.
2020-05-27 14:50:47.865 [main] INFO  Help.Cart - Item added to cart.
2020-05-27 14:50:57.275 [main] INFO  Help.Cart - Place items from cart to order.
2020-05-27 14:51:03.560 [main] INFO  Help.Cart - Selected the delivery address.
2020-05-27 14:51:11.802 [main] INFO  Help.Cart - Selected the order summary.
2020-05-27 14:51:22.101 [main] INFO  Help.Cart - Select the payment summary.
2020-05-27 14:51:24.781 [main] INFO  Help.BrowserSelection - Browser closed.
2020-05-27 14:51:29.750 [main] INFO  Help.BrowserSelection - Operating system is: windows 8.1
2020-05-27 14:51:43.738 [main] INFO  Help.BrowserSelection - User logged in successfully.
2020-05-27 14:51:51.680 [main] INFO  Help.SearchPage - Item searched.
2020-05-27 14:51:56.578 [main] INFO  Help.BrowserSelection - Browser closed.
2020-05-27 14:52:43.780 [main] INFO  Help.BrowserSelection - Operating system is: windows 8.1
2020-05-27 14:52:58.374 [main] INFO  Help.BrowserSelection - User logged in successfully.
2020-05-27 14:53:06.690 [main] INFO  Help.SearchPage - Item searched.
2020-05-27 14:53:09.486 [main] INFO  Help.SearchPage - Item details.
2020-05-27 14:53:15.646 [main] INFO  Help.Cart - Item added to cart.
2020-05-27 14:53:20.552 [main] INFO  Help.BrowserSelection - Browser closed.
2020-05-27 14:54:13.758 [main] INFO  Help.BrowserSelection - Operating system is: windows 8.1
2020-05-27 14:54:28.267 [main] INFO  Help.BrowserSelection - User logged in successfully.
2020-05-27 14:59:36.060 [main] INFO  Help.BrowserSelection - Operating system is: windows 8.1
2020-05-27 14:59:51.646 [main] INFO  Help.BrowserSelection - User logged in successfully.
2020-05-27 15:05:38.033 [main] INFO  Help.BrowserSelection - Operating system is: windows 8.1
2020-05-27 15:05:53.113 [main] INFO  Help.BrowserSelection - Browser closed.
2020-05-27 15:06:43.460 [main] INFO  Help.BrowserSelection - Operating system is: windows 8.1
2020-05-27 15:06:57.568 [main] INFO  Help.BrowserSelection - Browser closed.
2020-05-27 15:06:57.594 [main] INFO  Help.BrowserSelection - Operating system is: windows 8.1
2020-05-27 15:07:11.023 [main] INFO  Help.BrowserSelection - Browser closed.
2020-05-27 15:07:11.046 [main] INFO  Help.BrowserSelection - Operating system is: windows 8.1
2020-05-27 15:07:27.032 [main] INFO  Help.BrowserSelection - Browser closed.
2020-05-27 15:07:27.072 [main] INFO  Help.BrowserSelection - Operating system is: windows 8.1
2020-05-27 15:38:19.138 [main] INFO  Help.BrowserSelection - Operating system is: windows 8.1
2020-05-27 15:38:42.187 [main] INFO  Help.BrowserSelection - Operating system is: windows 8.1
2020-05-27 15:39:14.056 [main] INFO  Help.BrowserSelection - Please enter correct details.
2020-05-27 15:39:14.715 [main] INFO  Help.BrowserSelection - Browser closed.
2020-05-27 15:40:07.177 [main] INFO  Help.BrowserSelection - Operating system is: windows 8.1
2020-05-27 15:40:34.578 [main] ERROR Help.BrowserSelection - Please enter correct details.
2020-05-27 15:40:35.765 [main] INFO  Help.BrowserSelection - Browser closed.
2020-05-27 15:58:38.925 [main] INFO  Help.BrowserSelection - Operating system is: windows 8.1
2020-05-27 15:58:55.506 [main] ERROR Help.BrowserSelection - Please enter correct details.
2020-05-27 15:58:56.327 [main] INFO  Help.BrowserSelection - Browser closed.
2020-05-27 17:32:49.436 [main] INFO  Help.BrowserSelection - Operating system is: windows 8.1
2020-05-27 17:33:02.786 [main] ERROR Help.BrowserSelection - Please enter correct details.
2020-05-27 17:33:03.632 [main] INFO  Help.BrowserSelection - Browser closed.
2020-05-27 17:38:45.518 [main] INFO  Help.BrowserSelection - Operating system is: windows 8.1
2020-05-27 17:38:57.870 [main] ERROR Help.BrowserSelection - Please enter correct details.
2020-05-27 17:38:58.571 [main] INFO  Help.BrowserSelection - Browser closed.
2020-05-27 17:41:13.189 [main] INFO  Help.BrowserSelection - Operating system is: windows 8.1
2020-05-27 17:41:25.504 [main] ERROR Help.BrowserSelection - Please enter correct details.
2020-05-27 17:41:26.182 [main] INFO  Help.BrowserSelection - Browser closed.
2020-05-27 17:41:26.205 [main] INFO  Help.BrowserSelection - Operating system is: windows 8.1
2020-05-27 17:41:38.164 [main] ERROR Help.BrowserSelection - Please enter correct details.
2020-05-27 17:41:38.914 [main] INFO  Help.BrowserSelection - Browser closed.
2020-05-27 17:41:38.933 [main] INFO  Help.BrowserSelection - Operating system is: windows 8.1
2020-05-27 17:41:50.753 [main] ERROR Help.BrowserSelection - Please enter correct details.
2020-05-27 17:41:51.450 [main] INFO  Help.BrowserSelection - Browser closed.
2020-05-27 17:41:51.487 [main] INFO  Help.BrowserSelection - Operating system is: windows 8.1
2020-05-27 17:42:02.940 [main] ERROR Help.BrowserSelection - Please enter correct details.
2020-05-27 17:42:05.817 [main] INFO  Help.BrowserSelection - Browser closed.
2020-05-28 09:40:41.526 [main] INFO  Help.BrowserSelection - Operating system is: windows 8.1
2020-05-28 09:40:54.385 [main] ERROR Help.BrowserSelection - Please enter correct details.
2020-05-28 09:40:57.026 [main] INFO  Help.BrowserSelection - Browser closed.
2020-05-28 09:40:57.055 [main] INFO  Help.BrowserSelection - Operating system is: windows 8.1
2020-05-28 09:41:08.931 [main] ERROR Help.BrowserSelection - Please enter correct details.
2020-05-28 09:41:09.591 [main] INFO  Help.BrowserSelection - Browser closed.
2020-05-28 09:41:09.615 [main] INFO  Help.BrowserSelection - Operating system is: windows 8.1
2020-05-28 09:41:20.658 [main] ERROR Help.BrowserSelection - Please enter correct details.
2020-05-28 09:41:21.334 [main] INFO  Help.BrowserSelection - Browser closed.
2020-05-28 09:41:21.357 [main] INFO  Help.BrowserSelection - Operating system is: windows 8.1
2020-05-28 09:41:34.214 [main] ERROR Help.BrowserSelection - Please enter correct details.
2020-05-28 09:41:34.857 [main] INFO  Help.BrowserSelection - Browser closed.
2020-05-28 09:45:51.399 [main] INFO  Help.BrowserSelection - Operating system is: windows 8.1
2020-05-28 09:46:35.079 [main] INFO  Help.SearchPage - Item searched.
2020-05-28 09:46:37.835 [main] INFO  Help.SearchPage - Item details.
2020-05-28 09:46:44.030 [main] INFO  Help.Cart - Item added to cart.
2020-05-28 09:46:48.991 [main] INFO  Help.BrowserSelection - Browser closed.
2020-05-28 09:46:49.002 [main] INFO  Help.BrowserSelection - Operating system is: windows 8.1
2020-05-28 09:47:00.633 [main] ERROR Help.BrowserSelection - Please enter correct details.
2020-05-28 09:47:03.253 [main] INFO  Help.BrowserSelection - Browser closed.
2020-05-28 09:47:03.272 [main] INFO  Help.BrowserSelection - Operating system is: windows 8.1
2020-05-28 09:47:36.537 [main] INFO  Help.BrowserSelection - Operating system is: windows 8.1
2020-05-28 09:47:58.262 [main] INFO  Help.BrowserSelection - Operating system is: windows 8.1
2020-05-28 09:48:39.036 [main] INFO  Help.SearchPage - Item searched.
2020-05-28 09:48:42.866 [main] INFO  Help.SearchPage - Item details.
2020-05-28 09:48:49.033 [main] INFO  Help.Cart - Item added to cart.
2020-05-28 09:48:54.182 [main] INFO  Help.BrowserSelection - Browser closed.
2020-05-28 09:48:54.188 [main] INFO  Help.BrowserSelection - Operating system is: windows 8.1
2020-05-28 09:49:29.006 [main] INFO  Help.Cart - Items in cart
2020-05-28 09:49:33.181 [main] INFO  Help.Cart - Removing the items
2020-05-28 09:49:34.859 [main] INFO  Help.Cart - Item Removed.
2020-05-28 09:49:35.648 [main] INFO  Help.BrowserSelection - Browser closed.
2020-05-28 09:49:35.654 [main] INFO  Help.BrowserSelection - Operating system is: windows 8.1
2020-05-28 09:50:16.495 [main] INFO  Help.SearchPage - Item searched.
2020-05-28 09:50:19.592 [main] INFO  Help.SearchPage - Item details.
2020-05-28 09:50:25.739 [main] INFO  Help.Cart - Item added to cart.
2020-05-28 09:50:36.294 [main] INFO  Help.Cart - Place items from cart to order.
2020-05-28 09:50:42.587 [main] INFO  Help.Cart - Selected the delivery address.
2020-05-28 09:50:50.783 [main] INFO  Help.Cart - Selected the order summary.
2020-05-28 09:51:01.104 [main] INFO  Help.Cart - Select the payment summary.
2020-05-28 09:51:03.986 [main] INFO  Help.BrowserSelection - Browser closed.
2020-05-28 09:51:03.995 [main] INFO  Help.BrowserSelection - Operating system is: windows 8.1
2020-05-28 09:51:44.100 [main] INFO  Help.SearchPage - Item searched.
2020-05-28 09:51:51.137 [main] INFO  Help.BrowserSelection - Browser closed.
2020-05-28 09:54:56.565 [main] INFO  Help.BrowserSelection - Operating system is: windows 8.1
2020-05-28 09:55:09.411 [main] ERROR Help.BrowserSelection - Please enter correct details.
2020-05-28 09:55:11.582 [main] INFO  Help.BrowserSelection - Browser closed.
2020-05-28 09:55:11.599 [main] INFO  Help.BrowserSelection - Operating system is: windows 8.1
2020-05-28 09:55:23.239 [main] ERROR Help.BrowserSelection - Please enter correct details.
2020-05-28 09:55:23.947 [main] INFO  Help.BrowserSelection - Browser closed.
2020-05-28 09:55:23.975 [main] INFO  Help.BrowserSelection - Operating system is: windows 8.1
2020-05-28 09:55:35.699 [main] ERROR Help.BrowserSelection - Please enter correct details.
2020-05-28 09:55:38.564 [main] INFO  Help.BrowserSelection - Browser closed.
2020-05-28 09:55:38.585 [main] INFO  Help.BrowserSelection - Operating system is: windows 8.1
2020-05-28 09:55:50.403 [main] ERROR Help.BrowserSelection - Please enter correct details.
2020-05-28 09:55:51.490 [main] INFO  Help.BrowserSelection - Browser closed.
2020-05-28 09:57:03.593 [main] INFO  Help.BrowserSelection - Operating system is: windows 8.1
2020-05-28 09:57:16.678 [main] ERROR Help.BrowserSelection - Please enter correct details.
2020-05-28 09:57:17.485 [main] INFO  Help.BrowserSelection - Browser closed.
2020-05-28 09:57:17.512 [main] INFO  Help.BrowserSelection - Operating system is: windows 8.1
2020-05-28 09:57:30.228 [main] ERROR Help.BrowserSelection - Please enter correct details.
2020-05-28 09:57:33.113 [main] INFO  Help.BrowserSelection - Browser closed.
2020-05-28 09:57:33.148 [main] INFO  Help.BrowserSelection - Operating system is: windows 8.1
2020-05-28 09:57:45.317 [main] ERROR Help.BrowserSelection - Please enter correct details.
2020-05-28 09:57:46.030 [main] INFO  Help.BrowserSelection - Browser closed.
2020-05-28 09:57:46.049 [main] INFO  Help.BrowserSelection - Operating system is: windows 8.1
2020-05-28 09:57:57.415 [main] ERROR Help.BrowserSelection - Please enter correct details.
2020-05-28 09:58:00.045 [main] INFO  Help.BrowserSelection - Browser closed.
2020-06-01 12:55:28.029 [main] INFO  Help.BrowserSelection - Operating system is: windows 8.1
2020-06-01 12:55:30.777 [main] INFO  Help.BrowserSelection - Operating system is: windows 8.1
2020-06-01 12:55:32.009 [main] INFO  Help.BrowserSelection - Operating system is: windows 8.1
2020-06-01 12:55:33.355 [main] INFO  Help.BrowserSelection - Operating system is: windows 8.1
2020-06-01 13:45:44.310 [main] INFO  Help.BrowserSelection - Operating system is: windows 8.1
2020-06-01 13:45:46.124 [main] INFO  Help.BrowserSelection - Operating system is: windows 8.1
2020-06-01 13:45:47.334 [main] INFO  Help.BrowserSelection - Operating system is: windows 8.1
2020-06-01 13:45:48.577 [main] INFO  Help.BrowserSelection - Operating system is: windows 8.1
2020-06-01 13:47:39.604 [main] INFO  Help.BrowserSelection - Operating system is: windows 8.1
2020-06-01 13:47:41.413 [main] INFO  Help.BrowserSelection - Operating system is: windows 8.1
2020-06-01 13:47:42.657 [main] INFO  Help.BrowserSelection - Operating system is: windows 8.1
2020-06-01 13:47:43.908 [main] INFO  Help.BrowserSelection - Operating system is: windows 8.1
